# JRE version: OpenJDK Runtime Environment Temurin-17.0.10+7 (17.0.10+7) (build 17.0.10+7)
# Java VM: OpenJDK 64-Bit Server VM Temurin-17.0.10+7 (17.0.10+7, mixed mode, sharing, tiered, compressed oops, compressed class ptrs, g1 gc, windows-amd64)
GC Precious Log:
 CPUs: 8 total, 8 available
 Memory: 16287M
 Large Page Support: Disabled
 NUMA Support: Disabled
 Compressed Oops: Enabled (Zero based)
 Heap Region Size: 2M
 Heap Min Capacity: 8M
 Heap Initial Capacity: 256M
 Heap Max Capacity: 4072M
 Pre-touch: Disabled
 Parallel Workers: 8
 Concurrent Workers: 2
 Concurrent Refinement Workers: 8
 Periodic GC: Disabled
Heap:
 garbage-first heap   total 565248K, used 159744K [0x0000000701800000, 0x0000000800000000)
  region size 2048K, 13 young (26624K), 2 survivors (4096K)
 Metaspace       used 2185K, committed 2304K, reserved 1114112K
  class space    used 212K, committed 256K, reserved 1048576K
GC Heap History (15 events):
Event: 0.263 GC heap before
{Heap before GC invocations=0 (full 0):
 garbage-first heap   total 262144K, used 20480K [0x0000000701800000, 0x0000000800000000)
  region size 2048K, 11 young (22528K), 0 survivors (0K)
 Metaspace       used 816K, committed 960K, reserved 1114112K
  class space    used 68K, committed 128K, reserved 1048576K
}
Event: 0.276 GC heap after
{Heap after GC invocations=1 (full 0):
 garbage-first heap   total 262144K, used 18325K [0x0000000701800000, 0x0000000800000000)
  region size 2048K, 2 young (4096K), 2 survivors (4096K)
 Metaspace       used 816K, committed 960K, reserved 1114112K
  class space    used 68K, committed 128K, reserved 1048576K
}
Event: 0.385 GC heap before
{Heap before GC invocations=1 (full 0):
 garbage-first heap   total 262144K, used 28565K [0x0000000701800000, 0x0000000800000000)
  region size 2048K, 8 young (16384K), 2 survivors (4096K)
 Metaspace       used 914K, committed 1024K, reserved 1114112K
  class space    used 77K, committed 128K, reserved 1048576K
}
Event: 0.395 GC heap after
{Heap after GC invocations=2 (full 0):
 garbage-first heap   total 262144K, used 26624K [0x0000000701800000, 0x0000000800000000)
  region size 2048K, 1 young (2048K), 1 survivors (2048K)
 Metaspace       used 914K, committed 1024K, reserved 1114112K
  class space    used 77K, committed 128K, reserved 1048576K
}
Event: 0.478 GC heap before
{Heap before GC invocations=2 (full 0):
 garbage-first heap   total 262144K, used 51200K [0x0000000701800000, 0x0000000800000000)
  region size 2048K, 13 young (26624K), 1 survivors (2048K)
 Metaspace       used 914K, committed 1024K, reserved 1114112K
  class space    used 77K, committed 128K, reserved 1048576K
}
Event: 0.492 GC heap after
{Heap after GC invocations=3 (full 0):
 garbage-first heap   total 262144K, used 41827K [0x0000000701800000, 0x0000000800000000)
  region size 2048K, 2 young (4096K), 2 survivors (4096K)
 Metaspace       used 914K, committed 1024K, reserved 1114112K
  class space    used 77K, committed 128K, reserved 1048576K
}
Event: 0.533 GC heap before
{Heap before GC invocations=3 (full 0):
 garbage-first heap   total 262144K, used 68451K [0x0000000701800000, 0x0000000800000000)
  region size 2048K, 15 young (30720K), 2 survivors (4096K)
 Metaspace       used 920K, committed 1024K, reserved 1114112K
  class space    used 77K, committed 128K, reserved 1048576K
}
Event: 0.552 GC heap after
{Heap after GC invocations=4 (full 0):
 garbage-first heap   total 262144K, used 59226K [0x0000000701800000, 0x0000000800000000)
  region size 2048K, 2 young (4096K), 2 survivors (4096K)
 Metaspace       used 920K, committed 1024K, reserved 1114112K
  class space    used 77K, committed 128K, reserved 1048576K
}
Event: 0.573 GC heap before
{Heap before GC invocations=4 (full 0):
 garbage-first heap   total 262144K, used 77658K [0x0000000701800000, 0x0000000800000000)
  region size 2048K, 11 young (22528K), 2 survivors (4096K)
 Metaspace       used 920K, committed 1024K, reserved 1114112K
  class space    used 77K, committed 128K, reserved 1048576K
}
Event: 0.590 GC heap after
{Heap after GC invocations=5 (full 0):
 garbage-first heap   total 565248K, used 72699K [0x0000000701800000, 0x0000000800000000)
  region size 2048K, 2 young (4096K), 2 survivors (4096K)
 Metaspace       used 920K, committed 1024K, reserved 1114112K
  class space    used 77K, committed 128K, reserved 1048576K
}
Event: 0.654 GC heap before
{Heap before GC invocations=5 (full 0):
 garbage-first heap   total 565248K, used 109563K [0x0000000701800000, 0x0000000800000000)
  region size 2048K, 20 young (40960K), 2 survivors (4096K)
 Metaspace       used 920K, committed 1024K, reserved 1114112K
  class space    used 77K, committed 128K, reserved 1048576K
}
Event: 0.674 GC heap after
{Heap after GC invocations=6 (full 0):
 garbage-first heap   total 565248K, used 96878K [0x0000000701800000, 0x0000000800000000)
  region size 2048K, 3 young (6144K), 3 survivors (6144K)
 Metaspace       used 920K, committed 1024K, reserved 1114112K
  class space    used 77K, committed 128K, reserved 1048576K
}
Event: 0.880 GC heap before
{Heap before GC invocations=6 (full 0):
 garbage-first heap   total 565248K, used 150126K [0x0000000701800000, 0x0000000800000000)
  region size 2048K, 29 young (59392K), 3 survivors (6144K)
 Metaspace       used 1877K, committed 2048K, reserved 1114112K
  class space    used 181K, committed 256K, reserved 1048576K
}
Event: 0.921 GC heap after
{Heap after GC invocations=7 (full 0):
 garbage-first heap   total 565248K, used 135168K [0x0000000701800000, 0x0000000800000000)
  region size 2048K, 4 young (8192K), 4 survivors (8192K)
 Metaspace       used 1877K, committed 2048K, reserved 1114112K
  class space    used 181K, committed 256K, reserved 1048576K
}
Event: 1.196 GC heap before
{Heap before GC invocations=7 (full 0):
 garbage-first heap   total 565248K, used 159744K [0x0000000701800000, 0x0000000800000000)
  region size 2048K, 15 young (30720K), 4 survivors (8192K)
 Metaspace       used 2185K, committed 2304K, reserved 1114112K
  class space    used 212K, committed 256K, reserved 1048576K
}

